Content-Type: text/plain; charset="utf-8"
MIME-Version: 1.0
Content-Transfer-Encoding: 7bit
Subject: Welcome to Surigao Del Norte State University - Main Campus Boarding
 Hub
 System
From: johnmartdepaz77@gmail.com
To: jdepaz@scct.edu.ph
Date: Sun, 09 Nov 2025 08:24:59 -0000
Message-ID: <176267669995.28648.9300478261391872183@LAPTOP-CFB1M03H>

Dear John Mart E. De Paz,

Welcome to the Surigao Del Norte State University - Main Campus Boarding Hub System!

Your student account has been created successfully. Below are your login credentials:

Student ID: 2023-00225
Email: jdepaz@scct.edu.ph
Password: qSiJ8JCBsw41

IMPORTANT SECURITY NOTICE:
- Please keep this password confidential and do not share it with anyone.
- We recommend changing your password after your first login.
- Never share your login credentials with others.

You can now log in to the system using your email, student ID, or the password provided above.

Login URL: http://127.0.0.1:8000/login/

If you have any questions or need assistance, please contact the school administration.

Best regards,
Surigao Del Norte State University - Main Campus Administration Team
-------------------------------------------------------------------------------
