Content-Type: text/plain; charset="utf-8"
MIME-Version: 1.0
Content-Transfer-Encoding: 7bit
Subject: Welcome to Surigao Del Norte State University - Main Campus Boarding
 Hub
 System
From: Boarding Hub System <noreply@boardinghub.com>
To: johnmardepaz@gmail.com
Date: Sun, 09 Nov 2025 07:33:47 -0000
Message-ID: <176267362766.21544.3947319031284812035@LAPTOP-CFB1M03H>

Dear Tan,

Welcome to the Surigao Del Norte State University - Main Campus Boarding Hub System!

Your account has been created successfully. Below are your login credentials:

Property ID: P-103
Email: johnmardepaz@gmail.com
Password: LFJkD5AQA7dd

IMPORTANT SECURITY NOTICE:
- Please keep this password confidential and do not share it with anyone.
- We recommend changing your password after your first login.
- Never share your login credentials with others.

You can now log in to the system using your email or property ID and the password provided above.

Login URL: http://127.0.0.1:8000/login/

If you have any questions or need assistance, please contact the school administration.

Best regards,
Surigao Del Norte State University - Main Campus Administration Team
-------------------------------------------------------------------------------
