Content-Type: text/plain; charset="utf-8"
MIME-Version: 1.0
Content-Transfer-Encoding: 7bit
Subject: Welcome to Surigao Del Norte State University - Main Campus Boarding
 Hub
 System
From: johnmartdepaz77@gmail.com
To: johnmardepaz@gmail.com
Date: Sun, 09 Nov 2025 08:16:22 -0000
Message-ID: <176267618279.28648.14581498897339456539@LAPTOP-CFB1M03H>

Dear tan,

Welcome to the Surigao Del Norte State University - Main Campus Boarding Hub System!

Your account has been created successfully. Below are your login credentials:

Property ID: P-107
Email: johnmardepaz@gmail.com
Password: RrC2XrC82Ich

IMPORTANT SECURITY NOTICE:
- Please keep this password confidential and do not share it with anyone.
- We recommend changing your password after your first login.
- Never share your login credentials with others.

You can now log in to the system using your email or property ID and the password provided above.

Login URL: http://127.0.0.1:8000/login/

If you have any questions or need assistance, please contact the school administration.

Best regards,
Surigao Del Norte State University - Main Campus Administration Team
-------------------------------------------------------------------------------
