Content-Type: text/plain; charset="utf-8"
MIME-Version: 1.0
Content-Transfer-Encoding: 7bit
Subject: Your Survey Response Has Been Approved - Surigao Del Norte State
 University -
 Main Campus
From: johnmartdepaz77@gmail.com
To: jdepaz@scct.edu.ph
Date: Sun, 09 Nov 2025 23:40:33 -0000
Message-ID: <176273163384.30256.2007493390943458656@LAPTOP-CFB1M03H>

Dear John Mart De Paz,

Your survey response for Student Registration Survey has been approved by the school administrator.

To complete your registration and access your dashboard, please set up your password by clicking the link below:

http://127.0.0.1:8000/setup-password/eO0tizBVP7GJOI0LUU8Yl1efnXfugnINH6qRV2q-ccQ/

This link will expire in 7 days. Please keep this email secure and do not share the link with anyone.

After setting your password, you will be able to log in to the Boarding Hub System and complete your profile.

If you did not submit this survey, please ignore this email.

Best regards,
Surigao Del Norte State University - Main Campus Administration Team

-------------------------------------------------------------------------------
